# JRE version: Java(TM) SE Runtime Environment (8.0_131-b11) (build 1.8.0_131-b11)
# Java VM: Java HotSpot(TM) Client VM (25.131-b11 mixed mode windows-x86 )
Heap:
 def new generation   total 12672K, used 8683K [0x04e00000, 0x05bc0000, 0x0a350000)
  eden space 11264K,  64% used [0x04e00000, 0x0551ae88, 0x05900000)
  from space 1408K,  99% used [0x05a60000, 0x05bbfff0, 0x05bc0000)
  to   space 1408K,   0% used [0x05900000, 0x05900000, 0x05a60000)
 tenured generation   total 28024K, used 17689K [0x0a350000, 0x0beae000, 0x14e00000)
   the space 28024K,  63% used [0x0a350000, 0x0b496658, 0x0b496800, 0x0beae000)
 Metaspace       used 33639K, capacity 34972K, committed 35072K, reserved 35200K
GC Heap History (10 events):
Event: 19.102 GC heap before
{Heap before GC invocations=74 (full 4):
 def new generation   total 12672K, used 11245K [0x04e00000, 0x05bc0000, 0x0a350000)
  eden space 11264K,  99% used [0x04e00000, 0x058fb5b8, 0x05900000)
  from space 1408K,   0% used [0x05900000, 0x05900000, 0x05a60000)
  to   space 1408K,   0% used [0x05a60000, 0x05a60000, 0x05bc0000)
 tenured generation   total 28024K, used 16812K [0x0a350000, 0x0beae000, 0x14e00000)
   the space 28024K,  59% used [0x0a350000, 0x0b3bb1b8, 0x0b3bb200, 0x0beae000)
 Metaspace       used 31411K, capacity 32661K, committed 32768K, reserved 33152K
Event: 19.107 GC heap after
Heap after GC invocations=75 (full 4):
 def new generation   total 12672K, used 473K [0x04e00000, 0x05bc0000, 0x0a350000)
  eden space 11264K,   0% used [0x04e00000, 0x04e00000, 0x05900000)
  from space 1408K,  33% used [0x05a60000, 0x05ad6580, 0x05bc0000)
  to   space 1408K,   0% used [0x05900000, 0x05900000, 0x05a60000)
 tenured generation   total 28024K, used 16812K [0x0a350000, 0x0beae000, 0x14e00000)
   the space 28024K,  59% used [0x0a350000, 0x0b3bb1b8, 0x0b3bb200, 0x0beae000)
 Metaspace       used 31411K, capacity 32661K, committed 32768K, reserved 33152K
}
Event: 19.110 GC heap before
{Heap before GC invocations=75 (full 4):
 def new generation   total 12672K, used 11699K [0x04e00000, 0x05bc0000, 0x0a350000)
  eden space 11264K,  99% used [0x04e00000, 0x058f69a0, 0x05900000)
  from space 1408K,  33% used [0x05a60000, 0x05ad6580, 0x05bc0000)
  to   space 1408K,   0% used [0x05900000, 0x05900000, 0x05a60000)
 tenured generation   total 28024K, used 16812K [0x0a350000, 0x0beae000, 0x14e00000)
   the space 28024K,  59% used [0x0a350000, 0x0b3bb1b8, 0x0b3bb200, 0x0beae000)
 Metaspace       used 31411K, capacity 32661K, committed 32768K, reserved 33152K
Event: 19.113 GC heap after
Heap after GC invocations=76 (full 4):
 def new generation   total 12672K, used 251K [0x04e00000, 0x05bc0000, 0x0a350000)
  eden space 11264K,   0% used [0x04e00000, 0x04e00000, 0x05900000)
  from space 1408K,  17% used [0x05900000, 0x0593eca0, 0x05a60000)
  to   space 1408K,   0% used [0x05a60000, 0x05a60000, 0x05bc0000)
 tenured generation   total 28024K, used 16812K [0x0a350000, 0x0beae000, 0x14e00000)
   the space 28024K,  59% used [0x0a350000, 0x0b3bb1b8, 0x0b3bb200, 0x0beae000)
 Metaspace       used 31411K, capacity 32661K, committed 32768K, reserved 33152K
}
Event: 19.116 GC heap before
{Heap before GC invocations=76 (full 4):
 def new generation   total 12672K, used 11510K [0x04e00000, 0x05bc0000, 0x0a350000)
  eden space 11264K,  99% used [0x04e00000, 0x058fec88, 0x05900000)
  from space 1408K,  17% used [0x05900000, 0x0593eca0, 0x05a60000)
  to   space 1408K,   0% used [0x05a60000, 0x05a60000, 0x05bc0000)
 tenured generation   total 28024K, used 16812K [0x0a350000, 0x0beae000, 0x14e00000)
   the space 28024K,  59% used [0x0a350000, 0x0b3bb1b8, 0x0b3bb200, 0x0beae000)
 Metaspace       used 31411K, capacity 32661K, committed 32768K, reserved 33152K
Event: 19.118 GC heap after
Heap after GC invocations=77 (full 4):
 def new generation   total 12672K, used 264K [0x04e00000, 0x05bc0000, 0x0a350000)
  eden space 11264K,   0% used [0x04e00000, 0x04e00000, 0x05900000)
  from space 1408K,  18% used [0x05a60000, 0x05aa2398, 0x05bc0000)
  to   space 1408K,   0% used [0x05900000, 0x05900000, 0x05a60000)
 tenured generation   total 28024K, used 16812K [0x0a350000, 0x0beae000, 0x14e00000)
   the space 28024K,  59% used [0x0a350000, 0x0b3bb1b8, 0x0b3bb200, 0x0beae000)
 Metaspace       used 31411K, capacity 32661K, committed 32768K, reserved 33152K
}
Event: 29.385 GC heap before
{Heap before GC invocations=77 (full 4):
 def new generation   total 12672K, used 11528K [0x04e00000, 0x05bc0000, 0x0a350000)
  eden space 11264K, 100% used [0x04e00000, 0x05900000, 0x05900000)
  from space 1408K,  18% used [0x05a60000, 0x05aa2398, 0x05bc0000)
  to   space 1408K,   0% used [0x05900000, 0x05900000, 0x05a60000)
 tenured generation   total 28024K, used 16812K [0x0a350000, 0x0beae000, 0x14e00000)
   the space 28024K,  59% used [0x0a350000, 0x0b3bb1b8, 0x0b3bb200, 0x0beae000)
 Metaspace       used 32173K, capacity 33489K, committed 33536K, reserved 34176K
Event: 29.391 GC heap after
Heap after GC invocations=78 (full 4):
 def new generation   total 12672K, used 1345K [0x04e00000, 0x05bc0000, 0x0a350000)
  eden space 11264K,   0% used [0x04e00000, 0x04e00000, 0x05900000)
  from space 1408K,  95% used [0x05900000, 0x05a50640, 0x05a60000)
  to   space 1408K,   0% used [0x05a60000, 0x05a60000, 0x05bc0000)
 tenured generation   total 28024K, used 16812K [0x0a350000, 0x0beae000, 0x14e00000)
   the space 28024K,  59% used [0x0a350000, 0x0b3bb1b8, 0x0b3bb200, 0x0beae000)
 Metaspace       used 32173K, capacity 33489K, committed 33536K, reserved 34176K
}
Event: 37.313 GC heap before
{Heap before GC invocations=78 (full 4):
 def new generation   total 12672K, used 12609K [0x04e00000, 0x05bc0000, 0x0a350000)
  eden space 11264K, 100% used [0x04e00000, 0x05900000, 0x05900000)
  from space 1408K,  95% used [0x05900000, 0x05a50640, 0x05a60000)
  to   space 1408K,   0% used [0x05a60000, 0x05a60000, 0x05bc0000)
 tenured generation   total 28024K, used 16812K [0x0a350000, 0x0beae000, 0x14e00000)
   the space 28024K,  59% used [0x0a350000, 0x0b3bb1b8, 0x0b3bb200, 0x0beae000)
 Metaspace       used 33292K, capacity 34585K, committed 34688K, reserved 35200K
Event: 37.321 GC heap after
Heap after GC invocations=79 (full 4):
 def new generation   total 12672K, used 1407K [0x04e00000, 0x05bc0000, 0x0a350000)
  eden space 11264K,   0% used [0x04e00000, 0x04e00000, 0x05900000)
  from space 1408K,  99% used [0x05a60000, 0x05bbfff0, 0x05bc0000)
  to   space 1408K,   0% used [0x05900000, 0x05900000, 0x05a60000)
 tenured generation   total 28024K, used 17689K [0x0a350000, 0x0beae000, 0x14e00000)
   the space 28024K,  63% used [0x0a350000, 0x0b496658, 0x0b496800, 0x0beae000)
 Metaspace       used 33292K, capacity 34585K, committed 34688K, reserved 35200K
}

